2015/12/14 15:05:50 [warning] [application] Failed to set unsafe attribute "comentario" of "Registros".
in /var/www/concejo/protected/controllers/RegistrosController.php (87)
in /var/www/concejo/protected/modules/rights/components/RController.php (36)
in /var/www/concejo/index.php (13)
2015/12/14 15:05:50 [warning] [application] Failed to set unsafe attribute "informacionAdicional" of "Registros".
in /var/www/concejo/protected/controllers/RegistrosController.php (87)
in /var/www/concejo/protected/modules/rights/components/RController.php (36)
in /var/www/concejo/index.php (13)
2015/12/15 10:13:30 [warning] [application] Failed to set unsafe attribute "comentario" of "Registros".
in /var/www/concejo/protected/controllers/RegistrosController.php (142)
in /var/www/concejo/protected/modules/rights/components/RController.php (36)
in /var/www/concejo/index.php (13)
2015/12/15 10:13:30 [warning] [application] Failed to set unsafe attribute "informacionAdicional" of "Registros".
in /var/www/concejo/protected/controllers/RegistrosController.php (142)
in /var/www/concejo/protected/modules/rights/components/RController.php (36)
in /var/www/concejo/index.php (13)
2015/12/15 11:30:23 [warning] [application] Failed to set unsafe attribute "comentario" of "Registros".
in /var/www/concejo/protected/controllers/RegistrosController.php (142)
in /var/www/concejo/protected/modules/rights/components/RController.php (36)
in /var/www/concejo/index.php (13)
2015/12/15 11:30:23 [warning] [application] Failed to set unsafe attribute "informacionAdicional" of "Registros".
in /var/www/concejo/protected/controllers/RegistrosController.php (142)
in /var/www/concejo/protected/modules/rights/components/RController.php (36)
in /var/www/concejo/index.php (13)
2015/12/15 11:33:07 [warning] [application] Failed to set unsafe attribute "comentario" of "Registros".
in /var/www/concejo/protected/controllers/RegistrosController.php (142)
in /var/www/concejo/protected/modules/rights/components/RController.php (36)
in /var/www/concejo/index.php (13)
2015/12/15 11:33:07 [warning] [application] Failed to set unsafe attribute "informacionAdicional" of "Registros".
in /var/www/concejo/protected/controllers/RegistrosController.php (142)
in /var/www/concejo/protected/modules/rights/components/RController.php (36)
in /var/www/concejo/index.php (13)
2015/12/15 14:17:15 [warning] [application] Failed to set unsafe attribute "comentario" of "Registros".
in /var/www/concejo/protected/controllers/RegistrosController.php (142)
in /var/www/concejo/protected/modules/rights/components/RController.php (36)
in /var/www/concejo/index.php (13)
2015/12/15 14:17:15 [warning] [application] Failed to set unsafe attribute "informacionAdicional" of "Registros".
in /var/www/concejo/protected/controllers/RegistrosController.php (142)
in /var/www/concejo/protected/modules/rights/components/RController.php (36)
in /var/www/concejo/index.php (13)
2015/12/17 09:29:37 [warning] [application] Failed to set unsafe attribute "comentario" of "Registros".
in /var/www/concejo/protected/controllers/RegistrosController.php (87)
in /var/www/concejo/protected/modules/rights/components/RController.php (36)
in /var/www/concejo/index.php (13)
2015/12/17 09:29:37 [warning] [application] Failed to set unsafe attribute "informacionAdicional" of "Registros".
in /var/www/concejo/protected/controllers/RegistrosController.php (87)
in /var/www/concejo/protected/modules/rights/components/RController.php (36)
in /var/www/concejo/index.php (13)
2015/12/17 11:25:13 [warning] [application] Failed to set unsafe attribute "comentario" of "Registros".
in /var/www/concejo/protected/controllers/RegistrosController.php (142)
in /var/www/concejo/protected/modules/rights/components/RController.php (36)
in /var/www/concejo/index.php (13)
2015/12/17 11:25:13 [warning] [application] Failed to set unsafe attribute "informacionAdicional" of "Registros".
in /var/www/concejo/protected/controllers/RegistrosController.php (142)
in /var/www/concejo/protected/modules/rights/components/RController.php (36)
in /var/www/concejo/index.php (13)
2015/12/17 12:07:36 [warning] [application] Failed to set unsafe attribute "comentario" of "Registros".
in /var/www/concejo/protected/controllers/RegistrosController.php (142)
in /var/www/concejo/protected/modules/rights/components/RController.php (36)
in /var/www/concejo/index.php (13)
2015/12/17 12:07:36 [warning] [application] Failed to set unsafe attribute "informacionAdicional" of "Registros".
in /var/www/concejo/protected/controllers/RegistrosController.php (142)
in /var/www/concejo/protected/modules/rights/components/RController.php (36)
in /var/www/concejo/index.php (13)
2015/12/17 12:12:15 [warning] [application] Failed to set unsafe attribute "comentario" of "Registros".
in /var/www/concejo/protected/controllers/RegistrosController.php (142)
in /var/www/concejo/protected/modules/rights/components/RController.php (36)
in /var/www/concejo/index.php (13)
2015/12/17 12:12:15 [warning] [application] Failed to set unsafe attribute "informacionAdicional" of "Registros".
in /var/www/concejo/protected/controllers/RegistrosController.php (142)
in /var/www/concejo/protected/modules/rights/components/RController.php (36)
in /var/www/concejo/index.php (13)
2015/12/17 12:37:34 [warning] [application] Failed to set unsafe attribute "comentario" of "Registros".
in /var/www/concejo/protected/controllers/RegistrosController.php (142)
in /var/www/concejo/protected/modules/rights/components/RController.php (36)
in /var/www/concejo/index.php (13)
2015/12/17 12:37:34 [warning] [application] Failed to set unsafe attribute "informacionAdicional" of "Registros".
in /var/www/concejo/protected/controllers/RegistrosController.php (142)
in /var/www/concejo/protected/modules/rights/components/RController.php (36)
in /var/www/concejo/index.php (13)
2015/12/18 08:49:28 [warning] [application] Failed to set unsafe attribute "comentario" of "Registros".
in /var/www/concejo/protected/controllers/RegistrosController.php (87)
in /var/www/concejo/protected/modules/rights/components/RController.php (36)
in /var/www/concejo/index.php (13)
2015/12/18 08:49:28 [warning] [application] Failed to set unsafe attribute "informacionAdicional" of "Registros".
in /var/www/concejo/protected/controllers/RegistrosController.php (87)
in /var/www/concejo/protected/modules/rights/components/RController.php (36)
in /var/www/concejo/index.php (13)
2015/12/21 10:55:09 [warning] [application] Failed to set unsafe attribute "comentario" of "Registros".
in /var/www/concejo/protected/controllers/RegistrosController.php (142)
in /var/www/concejo/protected/modules/rights/components/RController.php (36)
in /var/www/concejo/index.php (13)
2015/12/21 10:55:09 [warning] [application] Failed to set unsafe attribute "informacionAdicional" of "Registros".
in /var/www/concejo/protected/controllers/RegistrosController.php (142)
in /var/www/concejo/protected/modules/rights/components/RController.php (36)
in /var/www/concejo/index.php (13)
2015/12/22 11:27:57 [warning] [application] Failed to set unsafe attribute "comentario" of "Registros".
in /var/www/concejo/protected/controllers/RegistrosController.php (87)
in /var/www/concejo/protected/modules/rights/components/RController.php (36)
in /var/www/concejo/index.php (13)
2015/12/22 11:27:57 [warning] [application] Failed to set unsafe attribute "informacionAdicional" of "Registros".
in /var/www/concejo/protected/controllers/RegistrosController.php (87)
in /var/www/concejo/protected/modules/rights/components/RController.php (36)
in /var/www/concejo/index.php (13)
2015/12/22 11:30:46 [warning] [application] Failed to set unsafe attribute "comentario" of "Registros".
in /var/www/concejo/protected/controllers/RegistrosController.php (142)
in /var/www/concejo/protected/modules/rights/components/RController.php (36)
in /var/www/concejo/index.php (13)
2015/12/22 11:30:46 [warning] [application] Failed to set unsafe attribute "informacionAdicional" of "Registros".
in /var/www/concejo/protected/controllers/RegistrosController.php (142)
in /var/www/concejo/protected/modules/rights/components/RController.php (36)
in /var/www/concejo/index.php (13)
2015/12/22 11:33:10 [warning] [application] Failed to set unsafe attribute "comentario" of "Registros".
in /var/www/concejo/protected/controllers/RegistrosController.php (142)
in /var/www/concejo/protected/modules/rights/components/RController.php (36)
in /var/www/concejo/index.php (13)
2015/12/22 11:33:10 [warning] [application] Failed to set unsafe attribute "informacionAdicional" of "Registros".
in /var/www/concejo/protected/controllers/RegistrosController.php (142)
in /var/www/concejo/protected/modules/rights/components/RController.php (36)
in /var/www/concejo/index.php (13)
2015/12/22 11:37:42 [warning] [application] Failed to set unsafe attribute "comentario" of "Registros".
in /var/www/concejo/protected/controllers/RegistrosController.php (142)
in /var/www/concejo/protected/modules/rights/components/RController.php (36)
in /var/www/concejo/index.php (13)
2015/12/22 11:37:42 [warning] [application] Failed to set unsafe attribute "informacionAdicional" of "Registros".
in /var/www/concejo/protected/controllers/RegistrosController.php (142)
in /var/www/concejo/protected/modules/rights/components/RController.php (36)
in /var/www/concejo/index.php (13)
2015/12/28 14:30:40 [warning] [application] Failed to set unsafe attribute "comentario" of "Registros".
in /var/www/concejo/protected/controllers/RegistrosController.php (87)
in /var/www/concejo/protected/modules/rights/components/RController.php (36)
in /var/www/concejo/index.php (13)
2015/12/28 14:30:40 [warning] [application] Failed to set unsafe attribute "informacionAdicional" of "Registros".
in /var/www/concejo/protected/controllers/RegistrosController.php (87)
in /var/www/concejo/protected/modules/rights/components/RController.php (36)
in /var/www/concejo/index.php (13)
2015/12/28 14:37:16 [warning] [application] Failed to set unsafe attribute "comentario" of "Registros".
in /var/www/concejo/protected/controllers/RegistrosController.php (87)
in /var/www/concejo/protected/modules/rights/components/RController.php (36)
in /var/www/concejo/index.php (13)
2015/12/28 14:37:16 [warning] [application] Failed to set unsafe attribute "informacionAdicional" of "Registros".
in /var/www/concejo/protected/controllers/RegistrosController.php (87)
in /var/www/concejo/protected/modules/rights/components/RController.php (36)
in /var/www/concejo/index.php (13)
2015/12/28 14:39:17 [warning] [application] Failed to set unsafe attribute "comentario" of "Registros".
in /var/www/concejo/protected/controllers/RegistrosController.php (87)
in /var/www/concejo/protected/modules/rights/components/RController.php (36)
in /var/www/concejo/index.php (13)
2015/12/28 14:39:17 [warning] [application] Failed to set unsafe attribute "informacionAdicional" of "Registros".
in /var/www/concejo/protected/controllers/RegistrosController.php (87)
in /var/www/concejo/protected/modules/rights/components/RController.php (36)
in /var/www/concejo/index.php (13)
2015/12/28 14:42:01 [warning] [application] Failed to set unsafe attribute "comentario" of "Registros".
in /var/www/concejo/protected/controllers/RegistrosController.php (87)
in /var/www/concejo/protected/modules/rights/components/RController.php (36)
in /var/www/concejo/index.php (13)
2015/12/28 14:42:01 [warning] [application] Failed to set unsafe attribute "informacionAdicional" of "Registros".
in /var/www/concejo/protected/controllers/RegistrosController.php (87)
in /var/www/concejo/protected/modules/rights/components/RController.php (36)
in /var/www/concejo/index.php (13)
2015/12/30 11:35:29 [warning] [application] Failed to set unsafe attribute "comentario" of "Registros".
in /var/www/concejo/protected/controllers/RegistrosController.php (142)
in /var/www/concejo/protected/modules/rights/components/RController.php (36)
in /var/www/concejo/index.php (13)
2015/12/30 11:35:29 [warning] [application] Failed to set unsafe attribute "informacionAdicional" of "Registros".
in /var/www/concejo/protected/controllers/RegistrosController.php (142)
in /var/www/concejo/protected/modules/rights/components/RController.php (36)
in /var/www/concejo/index.php (13)
2015/12/30 11:37:16 [warning] [application] Failed to set unsafe attribute "comentario" of "Registros".
in /var/www/concejo/protected/controllers/RegistrosController.php (142)
in /var/www/concejo/protected/modules/rights/components/RController.php (36)
in /var/www/concejo/index.php (13)
2015/12/30 11:37:16 [warning] [application] Failed to set unsafe attribute "informacionAdicional" of "Registros".
in /var/www/concejo/protected/controllers/RegistrosController.php (142)
in /var/www/concejo/protected/modules/rights/components/RController.php (36)
in /var/www/concejo/index.php (13)
2015/12/30 11:44:29 [warning] [application] Failed to set unsafe attribute "comentario" of "Registros".
in /var/www/concejo/protected/controllers/RegistrosController.php (142)
in /var/www/concejo/protected/modules/rights/components/RController.php (36)
in /var/www/concejo/index.php (13)
2015/12/30 11:44:29 [warning] [application] Failed to set unsafe attribute "informacionAdicional" of "Registros".
in /var/www/concejo/protected/controllers/RegistrosController.php (142)
in /var/www/concejo/protected/modules/rights/components/RController.php (36)
in /var/www/concejo/index.php (13)
2016/01/05 11:00:55 [warning] [application] Failed to set unsafe attribute "comentario" of "Registros".
in /var/www/concejo/protected/controllers/RegistrosController.php (142)
in /var/www/concejo/protected/modules/rights/components/RController.php (36)
in /var/www/concejo/index.php (13)
2016/01/05 11:00:55 [warning] [application] Failed to set unsafe attribute "informacionAdicional" of "Registros".
in /var/www/concejo/protected/controllers/RegistrosController.php (142)
in /var/www/concejo/protected/modules/rights/components/RController.php (36)
in /var/www/concejo/index.php (13)
2016/01/05 11:32:03 [warning] [application] Failed to set unsafe attribute "comentario" of "Registros".
in /var/www/concejo/protected/controllers/RegistrosController.php (142)
in /var/www/concejo/protected/modules/rights/components/RController.php (36)
in /var/www/concejo/index.php (13)
2016/01/05 11:32:03 [warning] [application] Failed to set unsafe attribute "informacionAdicional" of "Registros".
in /var/www/concejo/protected/controllers/RegistrosController.php (142)
in /var/www/concejo/protected/modules/rights/components/RController.php (36)
in /var/www/concejo/index.php (13)
2016/01/05 11:32:35 [warning] [application] Failed to set unsafe attribute "comentario" of "Registros".
in /var/www/concejo/protected/controllers/RegistrosController.php (142)
in /var/www/concejo/protected/modules/rights/components/RController.php (36)
in /var/www/concejo/index.php (13)
2016/01/05 11:32:35 [warning] [application] Failed to set unsafe attribute "informacionAdicional" of "Registros".
in /var/www/concejo/protected/controllers/RegistrosController.php (142)
in /var/www/concejo/protected/modules/rights/components/RController.php (36)
in /var/www/concejo/index.php (13)
2016/01/05 11:33:09 [warning] [application] Failed to set unsafe attribute "comentario" of "Registros".
in /var/www/concejo/protected/controllers/RegistrosController.php (142)
in /var/www/concejo/protected/modules/rights/components/RController.php (36)
in /var/www/concejo/index.php (13)
2016/01/05 11:33:09 [warning] [application] Failed to set unsafe attribute "informacionAdicional" of "Registros".
in /var/www/concejo/protected/controllers/RegistrosController.php (142)
in /var/www/concejo/protected/modules/rights/components/RController.php (36)
in /var/www/concejo/index.php (13)
2016/01/05 11:33:40 [warning] [application] Failed to set unsafe attribute "comentario" of "Registros".
in /var/www/concejo/protected/controllers/RegistrosController.php (142)
in /var/www/concejo/protected/modules/rights/components/RController.php (36)
in /var/www/concejo/index.php (13)
2016/01/05 11:33:40 [warning] [application] Failed to set unsafe attribute "informacionAdicional" of "Registros".
in /var/www/concejo/protected/controllers/RegistrosController.php (142)
in /var/www/concejo/protected/modules/rights/components/RController.php (36)
in /var/www/concejo/index.php (13)
2016/01/05 11:34:36 [warning] [application] Failed to set unsafe attribute "comentario" of "Registros".
in /var/www/concejo/protected/controllers/RegistrosController.php (142)
in /var/www/concejo/protected/modules/rights/components/RController.php (36)
in /var/www/concejo/index.php (13)
2016/01/05 11:34:36 [warning] [application] Failed to set unsafe attribute "informacionAdicional" of "Registros".
in /var/www/concejo/protected/controllers/RegistrosController.php (142)
in /var/www/concejo/protected/modules/rights/components/RController.php (36)
in /var/www/concejo/index.php (13)
2016/01/05 11:36:22 [warning] [application] Failed to set unsafe attribute "comentario" of "Registros".
in /var/www/concejo/protected/controllers/RegistrosController.php (142)
in /var/www/concejo/protected/modules/rights/components/RController.php (36)
in /var/www/concejo/index.php (13)
2016/01/05 11:36:22 [warning] [application] Failed to set unsafe attribute "informacionAdicional" of "Registros".
in /var/www/concejo/protected/controllers/RegistrosController.php (142)
in /var/www/concejo/protected/modules/rights/components/RController.php (36)
in /var/www/concejo/index.php (13)
2016/01/05 11:51:13 [warning] [application] Failed to set unsafe attribute "comentario" of "Registros".
in /var/www/concejo/protected/controllers/RegistrosController.php (142)
in /var/www/concejo/protected/modules/rights/components/RController.php (36)
in /var/www/concejo/index.php (13)
2016/01/05 11:51:13 [warning] [application] Failed to set unsafe attribute "informacionAdicional" of "Registros".
in /var/www/concejo/protected/controllers/RegistrosController.php (142)
in /var/www/concejo/protected/modules/rights/components/RController.php (36)
in /var/www/concejo/index.php (13)
2016/01/05 11:54:07 [warning] [application] Failed to set unsafe attribute "comentario" of "Registros".
in /var/www/concejo/protected/controllers/RegistrosController.php (142)
in /var/www/concejo/protected/modules/rights/components/RController.php (36)
in /var/www/concejo/index.php (13)
2016/01/05 11:54:07 [warning] [application] Failed to set unsafe attribute "informacionAdicional" of "Registros".
in /var/www/concejo/protected/controllers/RegistrosController.php (142)
in /var/www/concejo/protected/modules/rights/components/RController.php (36)
in /var/www/concejo/index.php (13)
2016/01/05 11:57:52 [warning] [application] Failed to set unsafe attribute "comentario" of "Registros".
in /var/www/concejo/protected/controllers/RegistrosController.php (142)
in /var/www/concejo/protected/modules/rights/components/RController.php (36)
in /var/www/concejo/index.php (13)
2016/01/05 11:57:52 [warning] [application] Failed to set unsafe attribute "informacionAdicional" of "Registros".
in /var/www/concejo/protected/controllers/RegistrosController.php (142)
in /var/www/concejo/protected/modules/rights/components/RController.php (36)
in /var/www/concejo/index.php (13)
2016/01/05 12:02:00 [warning] [application] Failed to set unsafe attribute "comentario" of "Registros".
in /var/www/concejo/protected/controllers/RegistrosController.php (142)
in /var/www/concejo/protected/modules/rights/components/RController.php (36)
in /var/www/concejo/index.php (13)
2016/01/05 12:02:00 [warning] [application] Failed to set unsafe attribute "informacionAdicional" of "Registros".
in /var/www/concejo/protected/controllers/RegistrosController.php (142)
in /var/www/concejo/protected/modules/rights/components/RController.php (36)
in /var/www/concejo/index.php (13)
2016/01/05 12:02:26 [warning] [application] Failed to set unsafe attribute "comentario" of "Registros".
in /var/www/concejo/protected/controllers/RegistrosController.php (142)
in /var/www/concejo/protected/modules/rights/components/RController.php (36)
in /var/www/concejo/index.php (13)
2016/01/05 12:02:26 [warning] [application] Failed to set unsafe attribute "informacionAdicional" of "Registros".
in /var/www/concejo/protected/controllers/RegistrosController.php (142)
in /var/www/concejo/protected/modules/rights/components/RController.php (36)
in /var/www/concejo/index.php (13)
2016/01/05 12:03:20 [warning] [application] Failed to set unsafe attribute "comentario" of "Registros".
in /var/www/concejo/protected/controllers/RegistrosController.php (142)
in /var/www/concejo/protected/modules/rights/components/RController.php (36)
in /var/www/concejo/index.php (13)
2016/01/05 12:03:20 [warning] [application] Failed to set unsafe attribute "informacionAdicional" of "Registros".
in /var/www/concejo/protected/controllers/RegistrosController.php (142)
in /var/www/concejo/protected/modules/rights/components/RController.php (36)
in /var/www/concejo/index.php (13)
2016/01/05 12:04:16 [warning] [application] Failed to set unsafe attribute "comentario" of "Registros".
in /var/www/concejo/protected/controllers/RegistrosController.php (142)
in /var/www/concejo/protected/modules/rights/components/RController.php (36)
in /var/www/concejo/index.php (13)
2016/01/05 12:04:16 [warning] [application] Failed to set unsafe attribute "informacionAdicional" of "Registros".
in /var/www/concejo/protected/controllers/RegistrosController.php (142)
in /var/www/concejo/protected/modules/rights/components/RController.php (36)
in /var/www/concejo/index.php (13)
2016/01/05 12:04:35 [warning] [application] Failed to set unsafe attribute "comentario" of "Registros".
in /var/www/concejo/protected/controllers/RegistrosController.php (142)
in /var/www/concejo/protected/modules/rights/components/RController.php (36)
in /var/www/concejo/index.php (13)
2016/01/05 12:04:35 [warning] [application] Failed to set unsafe attribute "informacionAdicional" of "Registros".
in /var/www/concejo/protected/controllers/RegistrosController.php (142)
in /var/www/concejo/protected/modules/rights/components/RController.php (36)
in /var/www/concejo/index.php (13)
2016/01/05 12:12:05 [warning] [application] Failed to set unsafe attribute "comentario" of "Registros".
in /var/www/concejo/protected/controllers/RegistrosController.php (142)
in /var/www/concejo/protected/modules/rights/components/RController.php (36)
in /var/www/concejo/index.php (13)
2016/01/05 12:12:05 [warning] [application] Failed to set unsafe attribute "informacionAdicional" of "Registros".
in /var/www/concejo/protected/controllers/RegistrosController.php (142)
in /var/www/concejo/protected/modules/rights/components/RController.php (36)
in /var/www/concejo/index.php (13)
2016/01/05 12:12:36 [warning] [application] Failed to set unsafe attribute "comentario" of "Registros".
in /var/www/concejo/protected/controllers/RegistrosController.php (142)
in /var/www/concejo/protected/modules/rights/components/RController.php (36)
in /var/www/concejo/index.php (13)
2016/01/05 12:12:36 [warning] [application] Failed to set unsafe attribute "informacionAdicional" of "Registros".
in /var/www/concejo/protected/controllers/RegistrosController.php (142)
in /var/www/concejo/protected/modules/rights/components/RController.php (36)
in /var/www/concejo/index.php (13)
2016/01/05 12:12:58 [warning] [application] Failed to set unsafe attribute "comentario" of "Registros".
in /var/www/concejo/protected/controllers/RegistrosController.php (142)
in /var/www/concejo/protected/modules/rights/components/RController.php (36)
in /var/www/concejo/index.php (13)
2016/01/05 12:12:58 [warning] [application] Failed to set unsafe attribute "informacionAdicional" of "Registros".
in /var/www/concejo/protected/controllers/RegistrosController.php (142)
in /var/www/concejo/protected/modules/rights/components/RController.php (36)
in /var/www/concejo/index.php (13)
2016/01/05 12:13:22 [warning] [application] Failed to set unsafe attribute "comentario" of "Registros".
in /var/www/concejo/protected/controllers/RegistrosController.php (142)
in /var/www/concejo/protected/modules/rights/components/RController.php (36)
in /var/www/concejo/index.php (13)
2016/01/05 12:13:22 [warning] [application] Failed to set unsafe attribute "informacionAdicional" of "Registros".
in /var/www/concejo/protected/controllers/RegistrosController.php (142)
in /var/www/concejo/protected/modules/rights/components/RController.php (36)
in /var/www/concejo/index.php (13)
2016/01/05 12:13:52 [warning] [application] Failed to set unsafe attribute "comentario" of "Registros".
in /var/www/concejo/protected/controllers/RegistrosController.php (142)
in /var/www/concejo/protected/modules/rights/components/RController.php (36)
in /var/www/concejo/index.php (13)
2016/01/05 12:13:52 [warning] [application] Failed to set unsafe attribute "informacionAdicional" of "Registros".
in /var/www/concejo/protected/controllers/RegistrosController.php (142)
in /var/www/concejo/protected/modules/rights/components/RController.php (36)
in /var/www/concejo/index.php (13)
2016/01/05 12:14:53 [warning] [application] Failed to set unsafe attribute "comentario" of "Registros".
in /var/www/concejo/protected/controllers/RegistrosController.php (142)
in /var/www/concejo/protected/modules/rights/components/RController.php (36)
in /var/www/concejo/index.php (13)
2016/01/05 12:14:53 [warning] [application] Failed to set unsafe attribute "informacionAdicional" of "Registros".
in /var/www/concejo/protected/controllers/RegistrosController.php (142)
in /var/www/concejo/protected/modules/rights/components/RController.php (36)
in /var/www/concejo/index.php (13)
2016/01/05 12:15:27 [warning] [application] Failed to set unsafe attribute "comentario" of "Registros".
in /var/www/concejo/protected/controllers/RegistrosController.php (142)
in /var/www/concejo/protected/modules/rights/components/RController.php (36)
in /var/www/concejo/index.php (13)
2016/01/05 12:15:27 [warning] [application] Failed to set unsafe attribute "informacionAdicional" of "Registros".
in /var/www/concejo/protected/controllers/RegistrosController.php (142)
in /var/www/concejo/protected/modules/rights/components/RController.php (36)
in /var/www/concejo/index.php (13)
2016/01/05 12:16:01 [warning] [application] Failed to set unsafe attribute "comentario" of "Registros".
in /var/www/concejo/protected/controllers/RegistrosController.php (142)
in /var/www/concejo/protected/modules/rights/components/RController.php (36)
in /var/www/concejo/index.php (13)
2016/01/05 12:16:01 [warning] [application] Failed to set unsafe attribute "informacionAdicional" of "Registros".
in /var/www/concejo/protected/controllers/RegistrosController.php (142)
in /var/www/concejo/protected/modules/rights/components/RController.php (36)
in /var/www/concejo/index.php (13)
2016/01/05 12:16:23 [warning] [application] Failed to set unsafe attribute "comentario" of "Registros".
in /var/www/concejo/protected/controllers/RegistrosController.php (142)
in /var/www/concejo/protected/modules/rights/components/RController.php (36)
in /var/www/concejo/index.php (13)
2016/01/05 12:16:23 [warning] [application] Failed to set unsafe attribute "informacionAdicional" of "Registros".
in /var/www/concejo/protected/controllers/RegistrosController.php (142)
in /var/www/concejo/protected/modules/rights/components/RController.php (36)
in /var/www/concejo/index.php (13)
2016/01/05 12:29:36 [warning] [application] Failed to set unsafe attribute "comentario" of "Registros".
in /var/www/concejo/protected/controllers/RegistrosController.php (142)
in /var/www/concejo/protected/modules/rights/components/RController.php (36)
in /var/www/concejo/index.php (13)
2016/01/05 12:29:36 [warning] [application] Failed to set unsafe attribute "informacionAdicional" of "Registros".
in /var/www/concejo/protected/controllers/RegistrosController.php (142)
in /var/www/concejo/protected/modules/rights/components/RController.php (36)
in /var/www/concejo/index.php (13)
2016/01/05 12:36:08 [warning] [application] Failed to set unsafe attribute "comentario" of "Registros".
in /var/www/concejo/protected/controllers/RegistrosController.php (142)
in /var/www/concejo/protected/modules/rights/components/RController.php (36)
in /var/www/concejo/index.php (13)
2016/01/05 12:36:08 [warning] [application] Failed to set unsafe attribute "informacionAdicional" of "Registros".
in /var/www/concejo/protected/controllers/RegistrosController.php (142)
in /var/www/concejo/protected/modules/rights/components/RController.php (36)
in /var/www/concejo/index.php (13)
2016/01/05 12:37:52 [warning] [application] Failed to set unsafe attribute "comentario" of "Registros".
in /var/www/concejo/protected/controllers/RegistrosController.php (142)
in /var/www/concejo/protected/modules/rights/components/RController.php (36)
in /var/www/concejo/index.php (13)
2016/01/05 12:37:52 [warning] [application] Failed to set unsafe attribute "informacionAdicional" of "Registros".
in /var/www/concejo/protected/controllers/RegistrosController.php (142)
in /var/www/concejo/protected/modules/rights/components/RController.php (36)
in /var/www/concejo/index.php (13)
2016/01/05 12:51:53 [warning] [application] Failed to set unsafe attribute "comentario" of "Registros".
in /var/www/concejo/protected/controllers/RegistrosController.php (142)
in /var/www/concejo/protected/modules/rights/components/RController.php (36)
in /var/www/concejo/index.php (13)
2016/01/05 12:51:53 [warning] [application] Failed to set unsafe attribute "informacionAdicional" of "Registros".
in /var/www/concejo/protected/controllers/RegistrosController.php (142)
in /var/www/concejo/protected/modules/rights/components/RController.php (36)
in /var/www/concejo/index.php (13)
2016/01/05 12:53:28 [warning] [application] Failed to set unsafe attribute "comentario" of "Registros".
in /var/www/concejo/protected/controllers/RegistrosController.php (142)
in /var/www/concejo/protected/modules/rights/components/RController.php (36)
in /var/www/concejo/index.php (13)
2016/01/05 12:53:28 [warning] [application] Failed to set unsafe attribute "informacionAdicional" of "Registros".
in /var/www/concejo/protected/controllers/RegistrosController.php (142)
in /var/www/concejo/protected/modules/rights/components/RController.php (36)
in /var/www/concejo/index.php (13)
2016/01/05 12:54:07 [warning] [application] Failed to set unsafe attribute "comentario" of "Registros".
in /var/www/concejo/protected/controllers/RegistrosController.php (142)
in /var/www/concejo/protected/modules/rights/components/RController.php (36)
in /var/www/concejo/index.php (13)
2016/01/05 12:54:07 [warning] [application] Failed to set unsafe attribute "informacionAdicional" of "Registros".
in /var/www/concejo/protected/controllers/RegistrosController.php (142)
in /var/www/concejo/protected/modules/rights/components/RController.php (36)
in /var/www/concejo/index.php (13)
2016/01/05 12:54:30 [warning] [application] Failed to set unsafe attribute "comentario" of "Registros".
in /var/www/concejo/protected/controllers/RegistrosController.php (142)
in /var/www/concejo/protected/modules/rights/components/RController.php (36)
in /var/www/concejo/index.php (13)
2016/01/05 12:54:30 [warning] [application] Failed to set unsafe attribute "informacionAdicional" of "Registros".
in /var/www/concejo/protected/controllers/RegistrosController.php (142)
in /var/www/concejo/protected/modules/rights/components/RController.php (36)
in /var/www/concejo/index.php (13)
2016/01/05 12:55:00 [warning] [application] Failed to set unsafe attribute "comentario" of "Registros".
in /var/www/concejo/protected/controllers/RegistrosController.php (142)
in /var/www/concejo/protected/modules/rights/components/RController.php (36)
in /var/www/concejo/index.php (13)
2016/01/05 12:55:00 [warning] [application] Failed to set unsafe attribute "informacionAdicional" of "Registros".
in /var/www/concejo/protected/controllers/RegistrosController.php (142)
in /var/www/concejo/protected/modules/rights/components/RController.php (36)
in /var/www/concejo/index.php (13)
2016/01/05 12:55:26 [warning] [application] Failed to set unsafe attribute "comentario" of "Registros".
in /var/www/concejo/protected/controllers/RegistrosController.php (142)
in /var/www/concejo/protected/modules/rights/components/RController.php (36)
in /var/www/concejo/index.php (13)
2016/01/05 12:55:26 [warning] [application] Failed to set unsafe attribute "informacionAdicional" of "Registros".
in /var/www/concejo/protected/controllers/RegistrosController.php (142)
in /var/www/concejo/protected/modules/rights/components/RController.php (36)
in /var/www/concejo/index.php (13)
2016/01/05 12:55:56 [warning] [application] Failed to set unsafe attribute "comentario" of "Registros".
in /var/www/concejo/protected/controllers/RegistrosController.php (142)
in /var/www/concejo/protected/modules/rights/components/RController.php (36)
in /var/www/concejo/index.php (13)
2016/01/05 12:55:56 [warning] [application] Failed to set unsafe attribute "informacionAdicional" of "Registros".
in /var/www/concejo/protected/controllers/RegistrosController.php (142)
in /var/www/concejo/protected/modules/rights/components/RController.php (36)
in /var/www/concejo/index.php (13)
2016/01/06 10:27:24 [warning] [application] Failed to set unsafe attribute "comentario" of "Registros".
in /var/www/concejo/protected/controllers/RegistrosController.php (142)
in /var/www/concejo/protected/modules/rights/components/RController.php (36)
in /var/www/concejo/index.php (13)
2016/01/06 10:27:24 [warning] [application] Failed to set unsafe attribute "informacionAdicional" of "Registros".
in /var/www/concejo/protected/controllers/RegistrosController.php (142)
in /var/www/concejo/protected/modules/rights/components/RController.php (36)
in /var/www/concejo/index.php (13)
2016/01/06 11:08:19 [warning] [application] Failed to set unsafe attribute "comentario" of "Registros".
in /var/www/concejo/protected/controllers/RegistrosController.php (142)
in /var/www/concejo/protected/modules/rights/components/RController.php (36)
in /var/www/concejo/index.php (13)
2016/01/06 11:08:19 [warning] [application] Failed to set unsafe attribute "informacionAdicional" of "Registros".
in /var/www/concejo/protected/controllers/RegistrosController.php (142)
in /var/www/concejo/protected/modules/rights/components/RController.php (36)
in /var/www/concejo/index.php (13)
2016/01/06 12:20:04 [warning] [application] Failed to set unsafe attribute "comentario" of "Registros".
in /var/www/concejo/protected/controllers/RegistrosController.php (142)
in /var/www/concejo/protected/modules/rights/components/RController.php (36)
in /var/www/concejo/index.php (13)
2016/01/06 12:20:04 [warning] [application] Failed to set unsafe attribute "informacionAdicional" of "Registros".
in /var/www/concejo/protected/controllers/RegistrosController.php (142)
in /var/www/concejo/protected/modules/rights/components/RController.php (36)
in /var/www/concejo/index.php (13)
2016/01/06 12:20:45 [warning] [application] Failed to set unsafe attribute "comentario" of "Registros".
in /var/www/concejo/protected/controllers/RegistrosController.php (142)
in /var/www/concejo/protected/modules/rights/components/RController.php (36)
in /var/www/concejo/index.php (13)
2016/01/06 12:20:45 [warning] [application] Failed to set unsafe attribute "informacionAdicional" of "Registros".
in /var/www/concejo/protected/controllers/RegistrosController.php (142)
in /var/www/concejo/protected/modules/rights/components/RController.php (36)
in /var/www/concejo/index.php (13)
2016/01/06 12:21:27 [warning] [application] Failed to set unsafe attribute "comentario" of "Registros".
in /var/www/concejo/protected/controllers/RegistrosController.php (142)
in /var/www/concejo/protected/modules/rights/components/RController.php (36)
in /var/www/concejo/index.php (13)
2016/01/06 12:21:27 [warning] [application] Failed to set unsafe attribute "informacionAdicional" of "Registros".
in /var/www/concejo/protected/controllers/RegistrosController.php (142)
in /var/www/concejo/protected/modules/rights/components/RController.php (36)
in /var/www/concejo/index.php (13)
2016/01/06 12:22:34 [warning] [application] Failed to set unsafe attribute "comentario" of "Registros".
in /var/www/concejo/protected/controllers/RegistrosController.php (142)
in /var/www/concejo/protected/modules/rights/components/RController.php (36)
in /var/www/concejo/index.php (13)
2016/01/06 12:22:34 [warning] [application] Failed to set unsafe attribute "informacionAdicional" of "Registros".
in /var/www/concejo/protected/controllers/RegistrosController.php (142)
in /var/www/concejo/protected/modules/rights/components/RController.php (36)
in /var/www/concejo/index.php (13)
2016/01/06 12:25:43 [warning] [application] Failed to set unsafe attribute "comentario" of "Registros".
in /var/www/concejo/protected/controllers/RegistrosController.php (142)
in /var/www/concejo/protected/modules/rights/components/RController.php (36)
in /var/www/concejo/index.php (13)
2016/01/06 12:25:43 [warning] [application] Failed to set unsafe attribute "informacionAdicional" of "Registros".
in /var/www/concejo/protected/controllers/RegistrosController.php (142)
in /var/www/concejo/protected/modules/rights/components/RController.php (36)
in /var/www/concejo/index.php (13)
2016/01/06 12:26:41 [warning] [application] Failed to set unsafe attribute "comentario" of "Registros".
in /var/www/concejo/protected/controllers/RegistrosController.php (142)
in /var/www/concejo/protected/modules/rights/components/RController.php (36)
in /var/www/concejo/index.php (13)
2016/01/06 12:26:41 [warning] [application] Failed to set unsafe attribute "informacionAdicional" of "Registros".
in /var/www/concejo/protected/controllers/RegistrosController.php (142)
in /var/www/concejo/protected/modules/rights/components/RController.php (36)
in /var/www/concejo/index.php (13)
2016/01/06 12:27:58 [warning] [application] Failed to set unsafe attribute "comentario" of "Registros".
in /var/www/concejo/protected/controllers/RegistrosController.php (142)
in /var/www/concejo/protected/modules/rights/components/RController.php (36)
in /var/www/concejo/index.php (13)
2016/01/06 12:27:58 [warning] [application] Failed to set unsafe attribute "informacionAdicional" of "Registros".
in /var/www/concejo/protected/controllers/RegistrosController.php (142)
in /var/www/concejo/protected/modules/rights/components/RController.php (36)
in /var/www/concejo/index.php (13)
2016/01/06 12:54:18 [warning] [application] Failed to set unsafe attribute "comentario" of "Registros".
in /var/www/concejo/protected/controllers/RegistrosController.php (142)
in /var/www/concejo/protected/modules/rights/components/RController.php (36)
in /var/www/concejo/index.php (13)
2016/01/06 12:54:18 [warning] [application] Failed to set unsafe attribute "informacionAdicional" of "Registros".
in /var/www/concejo/protected/controllers/RegistrosController.php (142)
in /var/www/concejo/protected/modules/rights/components/RController.php (36)
in /var/www/concejo/index.php (13)
2016/01/06 12:55:11 [warning] [application] Failed to set unsafe attribute "comentario" of "Registros".
in /var/www/concejo/protected/controllers/RegistrosController.php (142)
in /var/www/concejo/protected/modules/rights/components/RController.php (36)
in /var/www/concejo/index.php (13)
2016/01/06 12:55:11 [warning] [application] Failed to set unsafe attribute "informacionAdicional" of "Registros".
in /var/www/concejo/protected/controllers/RegistrosController.php (142)
in /var/www/concejo/protected/modules/rights/components/RController.php (36)
in /var/www/concejo/index.php (13)
2016/01/06 12:55:54 [warning] [application] Failed to set unsafe attribute "comentario" of "Registros".
in /var/www/concejo/protected/controllers/RegistrosController.php (142)
in /var/www/concejo/protected/modules/rights/components/RController.php (36)
in /var/www/concejo/index.php (13)
2016/01/06 12:55:54 [warning] [application] Failed to set unsafe attribute "informacionAdicional" of "Registros".
in /var/www/concejo/protected/controllers/RegistrosController.php (142)
in /var/www/concejo/protected/modules/rights/components/RController.php (36)
in /var/www/concejo/index.php (13)
2016/01/06 12:57:51 [warning] [application] Failed to set unsafe attribute "comentario" of "Registros".
in /var/www/concejo/protected/controllers/RegistrosController.php (142)
in /var/www/concejo/protected/modules/rights/components/RController.php (36)
in /var/www/concejo/index.php (13)
2016/01/06 12:57:51 [warning] [application] Failed to set unsafe attribute "informacionAdicional" of "Registros".
in /var/www/concejo/protected/controllers/RegistrosController.php (142)
in /var/www/concejo/protected/modules/rights/components/RController.php (36)
in /var/www/concejo/index.php (13)
2016/01/06 12:58:26 [warning] [application] Failed to set unsafe attribute "comentario" of "Registros".
in /var/www/concejo/protected/controllers/RegistrosController.php (142)
in /var/www/concejo/protected/modules/rights/components/RController.php (36)
in /var/www/concejo/index.php (13)
2016/01/06 12:58:26 [warning] [application] Failed to set unsafe attribute "informacionAdicional" of "Registros".
in /var/www/concejo/protected/controllers/RegistrosController.php (142)
in /var/www/concejo/protected/modules/rights/components/RController.php (36)
in /var/www/concejo/index.php (13)
2016/01/06 12:58:59 [warning] [application] Failed to set unsafe attribute "comentario" of "Registros".
in /var/www/concejo/protected/controllers/RegistrosController.php (142)
in /var/www/concejo/protected/modules/rights/components/RController.php (36)
in /var/www/concejo/index.php (13)
2016/01/06 12:58:59 [warning] [application] Failed to set unsafe attribute "informacionAdicional" of "Registros".
in /var/www/concejo/protected/controllers/RegistrosController.php (142)
in /var/www/concejo/protected/modules/rights/components/RController.php (36)
in /var/www/concejo/index.php (13)
2016/01/06 12:59:39 [warning] [application] Failed to set unsafe attribute "comentario" of "Registros".
in /var/www/concejo/protected/controllers/RegistrosController.php (142)
in /var/www/concejo/protected/modules/rights/components/RController.php (36)
in /var/www/concejo/index.php (13)
2016/01/06 12:59:39 [warning] [application] Failed to set unsafe attribute "informacionAdicional" of "Registros".
in /var/www/concejo/protected/controllers/RegistrosController.php (142)
in /var/www/concejo/protected/modules/rights/components/RController.php (36)
in /var/www/concejo/index.php (13)
2016/01/06 13:00:10 [warning] [application] Failed to set unsafe attribute "comentario" of "Registros".
in /var/www/concejo/protected/controllers/RegistrosController.php (142)
in /var/www/concejo/protected/modules/rights/components/RController.php (36)
in /var/www/concejo/index.php (13)
2016/01/06 13:00:10 [warning] [application] Failed to set unsafe attribute "informacionAdicional" of "Registros".
in /var/www/concejo/protected/controllers/RegistrosController.php (142)
in /var/www/concejo/protected/modules/rights/components/RController.php (36)
in /var/www/concejo/index.php (13)
2016/01/06 13:01:05 [warning] [application] Failed to set unsafe attribute "comentario" of "Registros".
in /var/www/concejo/protected/controllers/RegistrosController.php (142)
in /var/www/concejo/protected/modules/rights/components/RController.php (36)
in /var/www/concejo/index.php (13)
2016/01/06 13:01:05 [warning] [application] Failed to set unsafe attribute "informacionAdicional" of "Registros".
in /var/www/concejo/protected/controllers/RegistrosController.php (142)
in /var/www/concejo/protected/modules/rights/components/RController.php (36)
in /var/www/concejo/index.php (13)
2016/01/06 13:47:26 [warning] [application] Failed to set unsafe attribute "comentario" of "Registros".
in /var/www/concejo/protected/controllers/RegistrosController.php (142)
in /var/www/concejo/protected/modules/rights/components/RController.php (36)
in /var/www/concejo/index.php (13)
2016/01/06 13:47:26 [warning] [application] Failed to set unsafe attribute "informacionAdicional" of "Registros".
in /var/www/concejo/protected/controllers/RegistrosController.php (142)
in /var/www/concejo/protected/modules/rights/components/RController.php (36)
in /var/www/concejo/index.php (13)
2016/01/06 13:48:01 [warning] [application] Failed to set unsafe attribute "comentario" of "Registros".
in /var/www/concejo/protected/controllers/RegistrosController.php (142)
in /var/www/concejo/protected/modules/rights/components/RController.php (36)
in /var/www/concejo/index.php (13)
2016/01/06 13:48:01 [warning] [application] Failed to set unsafe attribute "informacionAdicional" of "Registros".
in /var/www/concejo/protected/controllers/RegistrosController.php (142)
in /var/www/concejo/protected/modules/rights/components/RController.php (36)
in /var/www/concejo/index.php (13)
2016/01/06 13:48:29 [warning] [application] Failed to set unsafe attribute "comentario" of "Registros".
in /var/www/concejo/protected/controllers/RegistrosController.php (142)
in /var/www/concejo/protected/modules/rights/components/RController.php (36)
in /var/www/concejo/index.php (13)
2016/01/06 13:48:29 [warning] [application] Failed to set unsafe attribute "informacionAdicional" of "Registros".
in /var/www/concejo/protected/controllers/RegistrosController.php (142)
in /var/www/concejo/protected/modules/rights/components/RController.php (36)
in /var/www/concejo/index.php (13)
2016/01/06 13:48:53 [warning] [application] Failed to set unsafe attribute "comentario" of "Registros".
in /var/www/concejo/protected/controllers/RegistrosController.php (142)
in /var/www/concejo/protected/modules/rights/components/RController.php (36)
in /var/www/concejo/index.php (13)
2016/01/06 13:48:53 [warning] [application] Failed to set unsafe attribute "informacionAdicional" of "Registros".
in /var/www/concejo/protected/controllers/RegistrosController.php (142)
in /var/www/concejo/protected/modules/rights/components/RController.php (36)
in /var/www/concejo/index.php (13)
2016/01/06 13:49:15 [warning] [application] Failed to set unsafe attribute "comentario" of "Registros".
in /var/www/concejo/protected/controllers/RegistrosController.php (142)
in /var/www/concejo/protected/modules/rights/components/RController.php (36)
in /var/www/concejo/index.php (13)
2016/01/06 13:49:15 [warning] [application] Failed to set unsafe attribute "informacionAdicional" of "Registros".
in /var/www/concejo/protected/controllers/RegistrosController.php (142)
in /var/www/concejo/protected/modules/rights/components/RController.php (36)
in /var/www/concejo/index.php (13)
2016/01/06 13:49:47 [warning] [application] Failed to set unsafe attribute "comentario" of "Registros".
in /var/www/concejo/protected/controllers/RegistrosController.php (142)
in /var/www/concejo/protected/modules/rights/components/RController.php (36)
in /var/www/concejo/index.php (13)
2016/01/06 13:49:47 [warning] [application] Failed to set unsafe attribute "informacionAdicional" of "Registros".
in /var/www/concejo/protected/controllers/RegistrosController.php (142)
in /var/www/concejo/protected/modules/rights/components/RController.php (36)
in /var/www/concejo/index.php (13)
2016/01/06 13:50:37 [warning] [application] Failed to set unsafe attribute "comentario" of "Registros".
in /var/www/concejo/protected/controllers/RegistrosController.php (142)
in /var/www/concejo/protected/modules/rights/components/RController.php (36)
in /var/www/concejo/index.php (13)
2016/01/06 13:50:37 [warning] [application] Failed to set unsafe attribute "informacionAdicional" of "Registros".
in /var/www/concejo/protected/controllers/RegistrosController.php (142)
in /var/www/concejo/protected/modules/rights/components/RController.php (36)
in /var/www/concejo/index.php (13)
2016/01/07 11:30:09 [warning] [application] Failed to set unsafe attribute "comentario" of "Registros".
in /var/www/concejo/protected/controllers/RegistrosController.php (142)
in /var/www/concejo/protected/modules/rights/components/RController.php (36)
in /var/www/concejo/index.php (13)
2016/01/07 11:30:09 [warning] [application] Failed to set unsafe attribute "informacionAdicional" of "Registros".
in /var/www/concejo/protected/controllers/RegistrosController.php (142)
in /var/www/concejo/protected/modules/rights/components/RController.php (36)
in /var/www/concejo/index.php (13)
2016/01/07 11:34:09 [warning] [application] Failed to set unsafe attribute "comentario" of "Registros".
in /var/www/concejo/protected/controllers/RegistrosController.php (142)
in /var/www/concejo/protected/modules/rights/components/RController.php (36)
in /var/www/concejo/index.php (13)
2016/01/07 11:34:09 [warning] [application] Failed to set unsafe attribute "informacionAdicional" of "Registros".
in /var/www/concejo/protected/controllers/RegistrosController.php (142)
in /var/www/concejo/protected/modules/rights/components/RController.php (36)
in /var/www/concejo/index.php (13)
2016/01/07 11:39:26 [warning] [application] Failed to set unsafe attribute "comentario" of "Registros".
in /var/www/concejo/protected/controllers/RegistrosController.php (142)
in /var/www/concejo/protected/modules/rights/components/RController.php (36)
in /var/www/concejo/index.php (13)
2016/01/07 11:39:26 [warning] [application] Failed to set unsafe attribute "informacionAdicional" of "Registros".
in /var/www/concejo/protected/controllers/RegistrosController.php (142)
in /var/www/concejo/protected/modules/rights/components/RController.php (36)
in /var/www/concejo/index.php (13)
2016/01/07 12:03:02 [warning] [application] Failed to set unsafe attribute "comentario" of "Registros".
in /var/www/concejo/protected/controllers/RegistrosController.php (142)
in /var/www/concejo/protected/modules/rights/components/RController.php (36)
in /var/www/concejo/index.php (13)
2016/01/07 12:03:02 [warning] [application] Failed to set unsafe attribute "informacionAdicional" of "Registros".
in /var/www/concejo/protected/controllers/RegistrosController.php (142)
in /var/www/concejo/protected/modules/rights/components/RController.php (36)
in /var/www/concejo/index.php (13)
2016/01/07 12:21:05 [warning] [application] Failed to set unsafe attribute "comentario" of "Registros".
in /var/www/concejo/protected/controllers/RegistrosController.php (142)
in /var/www/concejo/protected/modules/rights/components/RController.php (36)
in /var/www/concejo/index.php (13)
2016/01/07 12:21:05 [warning] [application] Failed to set unsafe attribute "informacionAdicional" of "Registros".
in /var/www/concejo/protected/controllers/RegistrosController.php (142)
in /var/www/concejo/protected/modules/rights/components/RController.php (36)
in /var/www/concejo/index.php (13)
2016/01/07 12:23:10 [warning] [application] Failed to set unsafe attribute "comentario" of "Registros".
in /var/www/concejo/protected/controllers/RegistrosController.php (87)
in /var/www/concejo/protected/modules/rights/components/RController.php (36)
in /var/www/concejo/index.php (13)
2016/01/07 12:23:10 [warning] [application] Failed to set unsafe attribute "informacionAdicional" of "Registros".
in /var/www/concejo/protected/controllers/RegistrosController.php (87)
in /var/www/concejo/protected/modules/rights/components/RController.php (36)
in /var/www/concejo/index.php (13)
2016/01/07 12:25:50 [warning] [application] Failed to set unsafe attribute "comentario" of "Registros".
in /var/www/concejo/protected/controllers/RegistrosController.php (142)
in /var/www/concejo/protected/modules/rights/components/RController.php (36)
in /var/www/concejo/index.php (13)
2016/01/07 12:25:50 [warning] [application] Failed to set unsafe attribute "informacionAdicional" of "Registros".
in /var/www/concejo/protected/controllers/RegistrosController.php (142)
in /var/www/concejo/protected/modules/rights/components/RController.php (36)
in /var/www/concejo/index.php (13)
2016/01/07 13:18:20 [warning] [application] Failed to set unsafe attribute "comentario" of "Registros".
in /var/www/concejo/protected/controllers/RegistrosController.php (142)
in /var/www/concejo/protected/modules/rights/components/RController.php (36)
in /var/www/concejo/index.php (13)
2016/01/07 13:18:20 [warning] [application] Failed to set unsafe attribute "informacionAdicional" of "Registros".
in /var/www/concejo/protected/controllers/RegistrosController.php (142)
in /var/www/concejo/protected/modules/rights/components/RController.php (36)
in /var/www/concejo/index.php (13)
2016/01/07 13:20:51 [warning] [application] Failed to set unsafe attribute "comentario" of "Registros".
in /var/www/concejo/protected/controllers/RegistrosController.php (142)
in /var/www/concejo/protected/modules/rights/components/RController.php (36)
in /var/www/concejo/index.php (13)
2016/01/07 13:20:51 [warning] [application] Failed to set unsafe attribute "informacionAdicional" of "Registros".
in /var/www/concejo/protected/controllers/RegistrosController.php (142)
in /var/www/concejo/protected/modules/rights/components/RController.php (36)
in /var/www/concejo/index.php (13)
2016/01/07 13:22:34 [warning] [application] Failed to set unsafe attribute "comentario" of "Registros".
in /var/www/concejo/protected/controllers/RegistrosController.php (142)
in /var/www/concejo/protected/modules/rights/components/RController.php (36)
in /var/www/concejo/index.php (13)
2016/01/07 13:22:34 [warning] [application] Failed to set unsafe attribute "informacionAdicional" of "Registros".
in /var/www/concejo/protected/controllers/RegistrosController.php (142)
in /var/www/concejo/protected/modules/rights/components/RController.php (36)
in /var/www/concejo/index.php (13)
2016/01/07 13:24:23 [warning] [application] Failed to set unsafe attribute "comentario" of "Registros".
in /var/www/concejo/protected/controllers/RegistrosController.php (142)
in /var/www/concejo/protected/modules/rights/components/RController.php (36)
in /var/www/concejo/index.php (13)
2016/01/07 13:24:23 [warning] [application] Failed to set unsafe attribute "informacionAdicional" of "Registros".
in /var/www/concejo/protected/controllers/RegistrosController.php (142)
in /var/www/concejo/protected/modules/rights/components/RController.php (36)
in /var/www/concejo/index.php (13)
2016/01/08 12:12:34 [warning] [application] Failed to set unsafe attribute "comentario" of "Registros".
in /var/www/concejo/protected/controllers/RegistrosController.php (142)
in /var/www/concejo/protected/modules/rights/components/RController.php (36)
in /var/www/concejo/index.php (13)
2016/01/08 12:12:34 [warning] [application] Failed to set unsafe attribute "informacionAdicional" of "Registros".
in /var/www/concejo/protected/controllers/RegistrosController.php (142)
in /var/www/concejo/protected/modules/rights/components/RController.php (36)
in /var/www/concejo/index.php (13)
2016/01/08 12:35:07 [warning] [application] Failed to set unsafe attribute "comentario" of "Registros".
in /var/www/concejo/protected/controllers/RegistrosController.php (142)
in /var/www/concejo/protected/modules/rights/components/RController.php (36)
in /var/www/concejo/index.php (13)
2016/01/08 12:35:07 [warning] [application] Failed to set unsafe attribute "informacionAdicional" of "Registros".
in /var/www/concejo/protected/controllers/RegistrosController.php (142)
in /var/www/concejo/protected/modules/rights/components/RController.php (36)
in /var/www/concejo/index.php (13)
2016/01/08 12:37:09 [warning] [application] Failed to set unsafe attribute "comentario" of "Registros".
in /var/www/concejo/protected/controllers/RegistrosController.php (142)
in /var/www/concejo/protected/modules/rights/components/RController.php (36)
in /var/www/concejo/index.php (13)
2016/01/08 12:37:09 [warning] [application] Failed to set unsafe attribute "informacionAdicional" of "Registros".
in /var/www/concejo/protected/controllers/RegistrosController.php (142)
in /var/www/concejo/protected/modules/rights/components/RController.php (36)
in /var/www/concejo/index.php (13)
2016/01/08 12:46:37 [warning] [application] Failed to set unsafe attribute "comentario" of "Registros".
in /var/www/concejo/protected/controllers/RegistrosController.php (142)
in /var/www/concejo/protected/modules/rights/components/RController.php (36)
in /var/www/concejo/index.php (13)
2016/01/08 12:46:37 [warning] [application] Failed to set unsafe attribute "informacionAdicional" of "Registros".
in /var/www/concejo/protected/controllers/RegistrosController.php (142)
in /var/www/concejo/protected/modules/rights/components/RController.php (36)
in /var/www/concejo/index.php (13)
2016/01/08 12:47:01 [warning] [application] Failed to set unsafe attribute "comentario" of "Registros".
in /var/www/concejo/protected/controllers/RegistrosController.php (142)
in /var/www/concejo/protected/modules/rights/components/RController.php (36)
in /var/www/concejo/index.php (13)
2016/01/08 12:47:01 [warning] [application] Failed to set unsafe attribute "informacionAdicional" of "Registros".
in /var/www/concejo/protected/controllers/RegistrosController.php (142)
in /var/www/concejo/protected/modules/rights/components/RController.php (36)
in /var/www/concejo/index.php (13)
2016/01/08 12:47:49 [warning] [application] Failed to set unsafe attribute "comentario" of "Registros".
in /var/www/concejo/protected/controllers/RegistrosController.php (142)
in /var/www/concejo/protected/modules/rights/components/RController.php (36)
in /var/www/concejo/index.php (13)
2016/01/08 12:47:49 [warning] [application] Failed to set unsafe attribute "informacionAdicional" of "Registros".
in /var/www/concejo/protected/controllers/RegistrosController.php (142)
in /var/www/concejo/protected/modules/rights/components/RController.php (36)
in /var/www/concejo/index.php (13)
2016/01/08 12:48:12 [warning] [application] Failed to set unsafe attribute "comentario" of "Registros".
in /var/www/concejo/protected/controllers/RegistrosController.php (142)
in /var/www/concejo/protected/modules/rights/components/RController.php (36)
in /var/www/concejo/index.php (13)
2016/01/08 12:48:12 [warning] [application] Failed to set unsafe attribute "informacionAdicional" of "Registros".
in /var/www/concejo/protected/controllers/RegistrosController.php (142)
in /var/www/concejo/protected/modules/rights/components/RController.php (36)
in /var/www/concejo/index.php (13)
2016/01/08 12:48:33 [warning] [application] Failed to set unsafe attribute "comentario" of "Registros".
in /var/www/concejo/protected/controllers/RegistrosController.php (142)
in /var/www/concejo/protected/modules/rights/components/RController.php (36)
in /var/www/concejo/index.php (13)
2016/01/08 12:48:33 [warning] [application] Failed to set unsafe attribute "informacionAdicional" of "Registros".
in /var/www/concejo/protected/controllers/RegistrosController.php (142)
in /var/www/concejo/protected/modules/rights/components/RController.php (36)
in /var/www/concejo/index.php (13)
2016/01/11 11:30:11 [warning] [application] Failed to set unsafe attribute "comentario" of "Registros".
in /var/www/concejo/protected/controllers/RegistrosController.php (142)
in /var/www/concejo/protected/modules/rights/components/RController.php (36)
in /var/www/concejo/index.php (13)
2016/01/11 11:30:11 [warning] [application] Failed to set unsafe attribute "informacionAdicional" of "Registros".
in /var/www/concejo/protected/controllers/RegistrosController.php (142)
in /var/www/concejo/protected/modules/rights/components/RController.php (36)
in /var/www/concejo/index.php (13)
2016/01/11 11:30:38 [warning] [application] Failed to set unsafe attribute "comentario" of "Registros".
in /var/www/concejo/protected/controllers/RegistrosController.php (142)
in /var/www/concejo/protected/modules/rights/components/RController.php (36)
in /var/www/concejo/index.php (13)
2016/01/11 11:30:38 [warning] [application] Failed to set unsafe attribute "informacionAdicional" of "Registros".
in /var/www/concejo/protected/controllers/RegistrosController.php (142)
in /var/www/concejo/protected/modules/rights/components/RController.php (36)
in /var/www/concejo/index.php (13)
2016/01/11 11:31:00 [warning] [application] Failed to set unsafe attribute "comentario" of "Registros".
in /var/www/concejo/protected/controllers/RegistrosController.php (142)
in /var/www/concejo/protected/modules/rights/components/RController.php (36)
in /var/www/concejo/index.php (13)
2016/01/11 11:31:00 [warning] [application] Failed to set unsafe attribute "informacionAdicional" of "Registros".
in /var/www/concejo/protected/controllers/RegistrosController.php (142)
in /var/www/concejo/protected/modules/rights/components/RController.php (36)
in /var/www/concejo/index.php (13)
2016/01/11 11:31:24 [warning] [application] Failed to set unsafe attribute "comentario" of "Registros".
in /var/www/concejo/protected/controllers/RegistrosController.php (142)
in /var/www/concejo/protected/modules/rights/components/RController.php (36)
in /var/www/concejo/index.php (13)
2016/01/11 11:31:24 [warning] [application] Failed to set unsafe attribute "informacionAdicional" of "Registros".
in /var/www/concejo/protected/controllers/RegistrosController.php (142)
in /var/www/concejo/protected/modules/rights/components/RController.php (36)
in /var/www/concejo/index.php (13)
2016/01/11 11:46:21 [warning] [application] Failed to set unsafe attribute "comentario" of "Registros".
in /var/www/concejo/protected/controllers/RegistrosController.php (142)
in /var/www/concejo/protected/modules/rights/components/RController.php (36)
in /var/www/concejo/index.php (13)
2016/01/11 11:46:21 [warning] [application] Failed to set unsafe attribute "informacionAdicional" of "Registros".
in /var/www/concejo/protected/controllers/RegistrosController.php (142)
in /var/www/concejo/protected/modules/rights/components/RController.php (36)
in /var/www/concejo/index.php (13)
2016/01/11 11:46:51 [warning] [application] Failed to set unsafe attribute "comentario" of "Registros".
in /var/www/concejo/protected/controllers/RegistrosController.php (142)
in /var/www/concejo/protected/modules/rights/components/RController.php (36)
in /var/www/concejo/index.php (13)
2016/01/11 11:46:51 [warning] [application] Failed to set unsafe attribute "informacionAdicional" of "Registros".
in /var/www/concejo/protected/controllers/RegistrosController.php (142)
in /var/www/concejo/protected/modules/rights/components/RController.php (36)
in /var/www/concejo/index.php (13)
2016/01/11 12:06:32 [warning] [application] Failed to set unsafe attribute "comentario" of "Registros".
in /var/www/concejo/protected/controllers/RegistrosController.php (142)
in /var/www/concejo/protected/modules/rights/components/RController.php (36)
in /var/www/concejo/index.php (13)
2016/01/11 12:06:32 [warning] [application] Failed to set unsafe attribute "informacionAdicional" of "Registros".
in /var/www/concejo/protected/controllers/RegistrosController.php (142)
in /var/www/concejo/protected/modules/rights/components/RController.php (36)
in /var/www/concejo/index.php (13)
2016/01/12 10:58:18 [warning] [application] Failed to set unsafe attribute "comentario" of "Registros".
in /var/www/concejo/protected/controllers/RegistrosController.php (142)
in /var/www/concejo/protected/modules/rights/components/RController.php (36)
in /var/www/concejo/index.php (13)
2016/01/12 10:58:18 [warning] [application] Failed to set unsafe attribute "informacionAdicional" of "Registros".
in /var/www/concejo/protected/controllers/RegistrosController.php (142)
in /var/www/concejo/protected/modules/rights/components/RController.php (36)
in /var/www/concejo/index.php (13)
2016/01/12 10:59:26 [warning] [application] Failed to set unsafe attribute "comentario" of "Registros".
in /var/www/concejo/protected/controllers/RegistrosController.php (142)
in /var/www/concejo/protected/modules/rights/components/RController.php (36)
in /var/www/concejo/index.php (13)
2016/01/12 10:59:26 [warning] [application] Failed to set unsafe attribute "informacionAdicional" of "Registros".
in /var/www/concejo/protected/controllers/RegistrosController.php (142)
in /var/www/concejo/protected/modules/rights/components/RController.php (36)
in /var/www/concejo/index.php (13)
2016/01/12 11:32:20 [warning] [application] Failed to set unsafe attribute "comentario" of "Registros".
in /var/www/concejo/protected/controllers/RegistrosController.php (142)
in /var/www/concejo/protected/modules/rights/components/RController.php (36)
in /var/www/concejo/index.php (13)
2016/01/12 11:32:20 [warning] [application] Failed to set unsafe attribute "informacionAdicional" of "Registros".
in /var/www/concejo/protected/controllers/RegistrosController.php (142)
in /var/www/concejo/protected/modules/rights/components/RController.php (36)
in /var/www/concejo/index.php (13)
2016/01/12 11:32:54 [warning] [application] Failed to set unsafe attribute "comentario" of "Registros".
in /var/www/concejo/protected/controllers/RegistrosController.php (142)
in /var/www/concejo/protected/modules/rights/components/RController.php (36)
in /var/www/concejo/index.php (13)
2016/01/12 11:32:54 [warning] [application] Failed to set unsafe attribute "informacionAdicional" of "Registros".
in /var/www/concejo/protected/controllers/RegistrosController.php (142)
in /var/www/concejo/protected/modules/rights/components/RController.php (36)
in /var/www/concejo/index.php (13)
2016/01/12 11:33:11 [warning] [application] Failed to set unsafe attribute "comentario" of "Registros".
in /var/www/concejo/protected/controllers/RegistrosController.php (142)
in /var/www/concejo/protected/modules/rights/components/RController.php (36)
in /var/www/concejo/index.php (13)
2016/01/12 11:33:11 [warning] [application] Failed to set unsafe attribute "informacionAdicional" of "Registros".
in /var/www/concejo/protected/controllers/RegistrosController.php (142)
in /var/www/concejo/protected/modules/rights/components/RController.php (36)
in /var/www/concejo/index.php (13)
2016/01/12 11:33:30 [warning] [application] Failed to set unsafe attribute "comentario" of "Registros".
in /var/www/concejo/protected/controllers/RegistrosController.php (142)
in /var/www/concejo/protected/modules/rights/components/RController.php (36)
in /var/www/concejo/index.php (13)
2016/01/12 11:33:30 [warning] [application] Failed to set unsafe attribute "informacionAdicional" of "Registros".
in /var/www/concejo/protected/controllers/RegistrosController.php (142)
in /var/www/concejo/protected/modules/rights/components/RController.php (36)
in /var/www/concejo/index.php (13)
2016/01/12 11:33:49 [warning] [application] Failed to set unsafe attribute "comentario" of "Registros".
in /var/www/concejo/protected/controllers/RegistrosController.php (142)
in /var/www/concejo/protected/modules/rights/components/RController.php (36)
in /var/www/concejo/index.php (13)
2016/01/12 11:33:49 [warning] [application] Failed to set unsafe attribute "informacionAdicional" of "Registros".
in /var/www/concejo/protected/controllers/RegistrosController.php (142)
in /var/www/concejo/protected/modules/rights/components/RController.php (36)
in /var/www/concejo/index.php (13)
2016/01/12 11:34:07 [warning] [application] Failed to set unsafe attribute "comentario" of "Registros".
in /var/www/concejo/protected/controllers/RegistrosController.php (142)
in /var/www/concejo/protected/modules/rights/components/RController.php (36)
in /var/www/concejo/index.php (13)
2016/01/12 11:34:07 [warning] [application] Failed to set unsafe attribute "informacionAdicional" of "Registros".
in /var/www/concejo/protected/controllers/RegistrosController.php (142)
in /var/www/concejo/protected/modules/rights/components/RController.php (36)
in /var/www/concejo/index.php (13)
2016/01/12 11:34:23 [warning] [application] Failed to set unsafe attribute "comentario" of "Registros".
in /var/www/concejo/protected/controllers/RegistrosController.php (142)
in /var/www/concejo/protected/modules/rights/components/RController.php (36)
in /var/www/concejo/index.php (13)
2016/01/12 11:34:23 [warning] [application] Failed to set unsafe attribute "informacionAdicional" of "Registros".
in /var/www/concejo/protected/controllers/RegistrosController.php (142)
in /var/www/concejo/protected/modules/rights/components/RController.php (36)
in /var/www/concejo/index.php (13)
2016/01/12 11:34:45 [warning] [application] Failed to set unsafe attribute "comentario" of "Registros".
in /var/www/concejo/protected/controllers/RegistrosController.php (142)
in /var/www/concejo/protected/modules/rights/components/RController.php (36)
in /var/www/concejo/index.php (13)
2016/01/12 11:34:45 [warning] [application] Failed to set unsafe attribute "informacionAdicional" of "Registros".
in /var/www/concejo/protected/controllers/RegistrosController.php (142)
in /var/www/concejo/protected/modules/rights/components/RController.php (36)
in /var/www/concejo/index.php (13)
2016/01/12 11:35:08 [warning] [application] Failed to set unsafe attribute "comentario" of "Registros".
in /var/www/concejo/protected/controllers/RegistrosController.php (142)
in /var/www/concejo/protected/modules/rights/components/RController.php (36)
in /var/www/concejo/index.php (13)
2016/01/12 11:35:08 [warning] [application] Failed to set unsafe attribute "informacionAdicional" of "Registros".
in /var/www/concejo/protected/controllers/RegistrosController.php (142)
in /var/www/concejo/protected/modules/rights/components/RController.php (36)
in /var/www/concejo/index.php (13)
2016/01/12 11:35:31 [warning] [application] Failed to set unsafe attribute "comentario" of "Registros".
in /var/www/concejo/protected/controllers/RegistrosController.php (142)
in /var/www/concejo/protected/modules/rights/components/RController.php (36)
in /var/www/concejo/index.php (13)
2016/01/12 11:35:31 [warning] [application] Failed to set unsafe attribute "informacionAdicional" of "Registros".
in /var/www/concejo/protected/controllers/RegistrosController.php (142)
in /var/www/concejo/protected/modules/rights/components/RController.php (36)
in /var/www/concejo/index.php (13)
2016/01/14 12:00:48 [warning] [application] Failed to set unsafe attribute "comentario" of "Registros".
in /var/www/concejo/protected/controllers/RegistrosController.php (142)
in /var/www/concejo/protected/modules/rights/components/RController.php (36)
in /var/www/concejo/index.php (13)
2016/01/14 12:00:48 [warning] [application] Failed to set unsafe attribute "informacionAdicional" of "Registros".
in /var/www/concejo/protected/controllers/RegistrosController.php (142)
in /var/www/concejo/protected/modules/rights/components/RController.php (36)
in /var/www/concejo/index.php (13)
2016/01/15 12:44:18 [warning] [application] Failed to set unsafe attribute "comentario" of "Registros".
in /var/www/concejo/protected/controllers/RegistrosController.php (87)
in /var/www/concejo/protected/modules/rights/components/RController.php (36)
in /var/www/concejo/index.php (13)
2016/01/15 12:44:18 [warning] [application] Failed to set unsafe attribute "informacionAdicional" of "Registros".
in /var/www/concejo/protected/controllers/RegistrosController.php (87)
in /var/www/concejo/protected/modules/rights/components/RController.php (36)
in /var/www/concejo/index.php (13)
2016/01/15 12:44:48 [warning] [application] Failed to set unsafe attribute "comentario" of "Registros".
in /var/www/concejo/protected/controllers/RegistrosController.php (87)
in /var/www/concejo/protected/modules/rights/components/RController.php (36)
in /var/www/concejo/index.php (13)
2016/01/15 12:44:48 [warning] [application] Failed to set unsafe attribute "informacionAdicional" of "Registros".
in /var/www/concejo/protected/controllers/RegistrosController.php (87)
in /var/www/concejo/protected/modules/rights/components/RController.php (36)
in /var/www/concejo/index.php (13)
2016/01/15 12:44:56 [warning] [application] Failed to set unsafe attribute "comentario" of "Registros".
in /var/www/concejo/protected/controllers/RegistrosController.php (87)
in /var/www/concejo/protected/modules/rights/components/RController.php (36)
in /var/www/concejo/index.php (13)
2016/01/15 12:44:56 [warning] [application] Failed to set unsafe attribute "informacionAdicional" of "Registros".
in /var/www/concejo/protected/controllers/RegistrosController.php (87)
in /var/www/concejo/protected/modules/rights/components/RController.php (36)
in /var/www/concejo/index.php (13)
2016/01/15 12:45:53 [warning] [application] Failed to set unsafe attribute "comentario" of "Registros".
in /var/www/concejo/protected/controllers/RegistrosController.php (142)
in /var/www/concejo/protected/modules/rights/components/RController.php (36)
in /var/www/concejo/index.php (13)
2016/01/15 12:45:53 [warning] [application] Failed to set unsafe attribute "informacionAdicional" of "Registros".
in /var/www/concejo/protected/controllers/RegistrosController.php (142)
in /var/www/concejo/protected/modules/rights/components/RController.php (36)
in /var/www/concejo/index.php (13)
2016/01/18 12:27:38 [warning] [application] Failed to set unsafe attribute "comentario" of "Registros".
in /var/www/concejo/protected/controllers/RegistrosController.php (142)
in /var/www/concejo/protected/modules/rights/components/RController.php (36)
in /var/www/concejo/index.php (13)
2016/01/18 12:27:38 [warning] [application] Failed to set unsafe attribute "informacionAdicional" of "Registros".
in /var/www/concejo/protected/controllers/RegistrosController.php (142)
in /var/www/concejo/protected/modules/rights/components/RController.php (36)
in /var/www/concejo/index.php (13)
2016/01/27 11:26:54 [warning] [application] Failed to set unsafe attribute "comentario" of "Registros".
in /var/www/concejo/protected/controllers/RegistrosController.php (142)
in /var/www/concejo/protected/modules/rights/components/RController.php (36)
in /var/www/concejo/index.php (13)
2016/01/27 11:26:54 [warning] [application] Failed to set unsafe attribute "informacionAdicional" of "Registros".
in /var/www/concejo/protected/controllers/RegistrosController.php (142)
in /var/www/concejo/protected/modules/rights/components/RController.php (36)
in /var/www/concejo/index.php (13)
2016/01/27 12:04:47 [warning] [application] Failed to set unsafe attribute "comentario" of "Registros".
in /var/www/concejo/protected/controllers/RegistrosController.php (142)
in /var/www/concejo/protected/modules/rights/components/RController.php (36)
in /var/www/concejo/index.php (13)
2016/01/27 12:04:47 [warning] [application] Failed to set unsafe attribute "informacionAdicional" of "Registros".
in /var/www/concejo/protected/controllers/RegistrosController.php (142)
in /var/www/concejo/protected/modules/rights/components/RController.php (36)
in /var/www/concejo/index.php (13)
2016/01/29 09:37:18 [warning] [application] Failed to set unsafe attribute "comentario" of "Registros".
in /var/www/concejo/protected/controllers/RegistrosController.php (87)
in /var/www/concejo/protected/modules/rights/components/RController.php (36)
in /var/www/concejo/index.php (13)
2016/01/29 09:37:18 [warning] [application] Failed to set unsafe attribute "informacionAdicional" of "Registros".
in /var/www/concejo/protected/controllers/RegistrosController.php (87)
in /var/www/concejo/protected/modules/rights/components/RController.php (36)
in /var/www/concejo/index.php (13)
2016/01/29 11:35:50 [warning] [application] Failed to set unsafe attribute "comentario" of "Registros".
in /var/www/concejo/protected/controllers/RegistrosController.php (142)
in /var/www/concejo/protected/modules/rights/components/RController.php (36)
in /var/www/concejo/index.php (13)
2016/01/29 11:35:50 [warning] [application] Failed to set unsafe attribute "informacionAdicional" of "Registros".
in /var/www/concejo/protected/controllers/RegistrosController.php (142)
in /var/www/concejo/protected/modules/rights/components/RController.php (36)
in /var/www/concejo/index.php (13)
2016/02/03 10:16:53 [warning] [application] Failed to set unsafe attribute "comentario" of "Registros".
in /var/www/concejo/protected/controllers/RegistrosController.php (87)
in /var/www/concejo/protected/modules/rights/components/RController.php (36)
in /var/www/concejo/index.php (13)
2016/02/03 10:16:53 [warning] [application] Failed to set unsafe attribute "informacionAdicional" of "Registros".
in /var/www/concejo/protected/controllers/RegistrosController.php (87)
in /var/www/concejo/protected/modules/rights/components/RController.php (36)
in /var/www/concejo/index.php (13)
2016/02/03 10:56:59 [warning] [application] Failed to set unsafe attribute "comentario" of "Registros".
in /var/www/concejo/protected/controllers/RegistrosController.php (87)
in /var/www/concejo/protected/modules/rights/components/RController.php (36)
in /var/www/concejo/index.php (13)
2016/02/03 10:56:59 [warning] [application] Failed to set unsafe attribute "informacionAdicional" of "Registros".
in /var/www/concejo/protected/controllers/RegistrosController.php (87)
in /var/www/concejo/protected/modules/rights/components/RController.php (36)
in /var/www/concejo/index.php (13)
